c:\users\dell\source\repos\slugengine\x64\debug\vc143.pdb
c:\users\dell\source\repos\slugengine\x64\debug\vc143.idb
c:\users\dell\source\repos\slugengine\x64\debug\glad.obj
c:\users\dell\source\repos\slugengine\x64\debug\main.obj
c:\users\dell\source\repos\slugengine\x64\debug\window.obj
c:\users\dell\source\repos\slugengine\x64\debug\stb.obj
c:\users\dell\source\repos\slugengine\x64\debug\slugengine.ilk
c:\users\dell\source\repos\slugengine\x64\debug\slugengine.exe
c:\users\dell\source\repos\slugengine\x64\debug\slugengine.pdb
c:\users\dell\source\repos\slugengine\x64\debug\aabb.obj
c:\users\dell\source\repos\slugengine\x64\debug\boundingsphere.obj
c:\users\dell\source\repos\slugengine\x64\debug\math3d.obj
c:\users\dell\source\repos\slugengine\x64\debug\physicsengine.obj
c:\users\dell\source\repos\slugengine\x64\debug\physicsobject.obj
c:\users\dell\source\repos\slugengine\x64\debug\stb_image.obj
c:\users\dell\source\repos\slugengine\x64\debug\slugengine.tlog\cl.command.1.tlog
c:\users\dell\source\repos\slugengine\x64\debug\slugengine.tlog\cl.items.tlog
c:\users\dell\source\repos\slugengine\x64\debug\slugengine.tlog\cl.read.1.tlog
c:\users\dell\source\repos\slugengine\x64\debug\slugengine.tlog\cl.write.1.tlog
c:\users\dell\source\repos\slugengine\x64\debug\slugengine.tlog\link.command.1.tlog
c:\users\dell\source\repos\slugengine\x64\debug\slugengine.tlog\link.read.1.tlog
c:\users\dell\source\repos\slugengine\x64\debug\slugengine.tlog\link.write.1.tlog
